<?xml version="1.0" encoding="UTF-8"?>
<!-- Generated by org.testng.reporters.JUnitReportReporter -->
<testsuite hostname="LAPTOP-6M3UTKS9" failures="0" tests="1" name="S2practice.login" time="6.125" errors="0" timestamp="14 Jul 2023 10:22:29 GMT" skipped="0">
  <testcase classname="S2practice.login" name="loginTest" time="6.125"/>
</testsuite> <!-- S2practice.login -->
